<?xml version="1.0" encoding="UTF-8"?>
<testng-results skipped="0" failed="0" total="1" passed="1">
  <reporter-output>
    <line>
      <![CDATA[<a href=D:\WS\learn_seleniumfile.png><img src=D:\WS\learn_seleniumfile.png></a>]]>
    </line>
  </reporter-output>
  <suite name="Command line suite" duration-ms="80" started-at="2017-05-31T08:07:03Z" finished-at="2017-05-31T08:07:03Z">
    <groups>
    </groups>
    <test name="Command line test" duration-ms="80" started-at="2017-05-31T08:07:03Z" finished-at="2017-05-31T08:07:03Z">
      <class name="learn_selenium.learn_selenium_maven.AppTest">
        <test-method status="PASS" signature="testApp()[pri:0, instance:testApp(learn_selenium.learn_selenium_maven.AppTest)]" name="testApp" duration-ms="2" started-at="2017-05-31T13:37:03Z" finished-at="2017-05-31T13:37:03Z">
          <reporter-output>
          </reporter-output>
        </test-method> <!-- testApp -->
      </class> <!-- learn_selenium.learn_selenium_maven.AppTest -->
    </test> <!-- Command line test -->
  </suite> <!-- Command line suite -->
</testng-results>
