<?xml version="1.0" encoding="UTF-8"?>
<testng-results skipped="0" failed="0" total="2" passed="2">
  <reporter-output>
    <line>
      <![CDATA[<a href=D:\WS\learn_seleniumfile.png><img src=D:\WS\learn_seleniumfile.png></a>]]>
    </line>
  </reporter-output>
  <suite name="Command line suite" duration-ms="14789" started-at="2017-05-31T08:06:48Z" finished-at="2017-05-31T08:07:03Z">
    <groups>
    </groups>
    <test name="Command line test" duration-ms="14789" started-at="2017-05-31T08:06:48Z" finished-at="2017-05-31T08:07:03Z">
      <class name="learn_selenium.learn_selenium_maven.Testing_Validations">
        <test-method status="PASS" signature="test()[pri:0, instance:learn_selenium.learn_selenium_maven.Testing_Validations@62043840]" name="test" duration-ms="14" started-at="2017-05-31T13:36:48Z" finished-at="2017-05-31T13:36:48Z">
          <reporter-output>
          </reporter-output>
        </test-method> <!-- test -->
      </class> <!-- learn_selenium.learn_selenium_maven.Testing_Validations -->
      <class name="reports_TestNG.Testing_validations_testng">
        <test-method status="PASS" signature="test_report_assert1()[pri:0, instance:reports_TestNG.Testing_validations_testng@15975490]" name="test_report_assert1" duration-ms="14747" started-at="2017-05-31T13:36:48Z" finished-at="2017-05-31T13:37:03Z">
          <reporter-output>
            <line>
              <![CDATA[<a href=D:\WS\learn_seleniumfile.png><img src=D:\WS\learn_seleniumfile.png></a>]]>
            </line>
          </reporter-output>
        </test-method> <!-- test_report_assert1 -->
      </class> <!-- reports_TestNG.Testing_validations_testng -->
    </test> <!-- Command line test -->
  </suite> <!-- Command line suite -->
</testng-results>
